<?xml version="1.0" encoding="UTF-8"?>
<testng-results ignored="0" total="1" passed="1" failed="0" skipped="0">
  <reporter-output>
  </reporter-output>
  <suite started-at="2020-02-20T14:15:12 IST" name="Default suite" finished-at="2020-02-20T14:15:12 IST" duration-ms="392">
    <groups>
    </groups>
    <test started-at="2020-02-20T14:15:12 IST" name="Default test" finished-at="2020-02-20T14:15:12 IST" duration-ms="392">
      <class name="package1.Contacts">
        <test-method signature="debug()[pri:0, instance:package1.Contacts@186f8716]" started-at="2020-02-20T14:15:12 IST" name="debug" finished-at="2020-02-20T14:15:12 IST" duration-ms="312" status="PASS">
          <reporter-output>
          </reporter-output>
        </test-method> <!-- debug -->
      </class> <!-- package1.Contacts -->
    </test> <!-- Default test -->
  </suite> <!-- Default suite -->
</testng-results>
